22:30:53 INFO  : Registering command handlers for SDK TCF services
22:30:54 INFO  : Launching XSCT server: xsct.bat -interactive C:\__Programowanie__\Vivado\PrzemyslawKurzak\SDUP_2022_temp\lab_2v2\2_lab\cordic_acc.sdk\temp_xsdb_launch_script.tcl
22:30:59 INFO  : XSCT server has started successfully.
22:30:59 INFO  : Successfully done setting XSCT server connection channel  
22:31:03 INFO  : Successfully done setting SDK workspace  
22:31:03 INFO  : Processing command line option -hwspec C:/__Programowanie__/Vivado/PrzemyslawKurzak/SDUP_2022_temp/lab_2v2/2_lab/cordic_acc.sdk/mb_design_wrapper.hdf.
09:14:27 INFO  : Registering command handlers for SDK TCF services
09:14:28 INFO  : Launching XSCT server: xsct.bat -interactive C:\__Programowanie__\Vivado\PrzemyslawKurzak\SDUP_2022_temp\lab_2v2\2_lab\cordic_acc.sdk\temp_xsdb_launch_script.tcl
09:14:34 INFO  : XSCT server has started successfully.
09:14:39 INFO  : Successfully done setting XSCT server connection channel  
09:14:39 INFO  : Successfully done setting SDK workspace  
09:14:39 INFO  : Processing command line option -hwspec C:/__Programowanie__/Vivado/PrzemyslawKurzak/SDUP_2022_temp/lab_2v2/2_lab/cordic_acc.sdk/mb_design_wrapper.hdf.
09:14:39 INFO  : Checking for hwspec changes in the project mb_design_wrapper_hw_platform_0.
09:48:06 INFO  : Registering command handlers for SDK TCF services
09:48:07 INFO  : Launching XSCT server: xsct.bat -interactive C:\__Programowanie__\Vivado\PrzemyslawKurzak\SDUP_2022_temp\lab_2v2\2_lab\cordic_acc.sdk\temp_xsdb_launch_script.tcl
09:48:11 INFO  : XSCT server has started successfully.
09:48:12 INFO  : Successfully done setting XSCT server connection channel  
09:48:12 INFO  : Successfully done setting SDK workspace  
09:48:12 INFO  : Processing command line option -hwspec C:/__Programowanie__/Vivado/PrzemyslawKurzak/SDUP_2022_temp/lab_2v2/2_lab/cordic_acc.sdk/mb_design_wrapper.hdf.
09:48:12 INFO  : Checking for hwspec changes in the project mb_design_wrapper_hw_platform_0.
09:27:03 INFO  : Registering command handlers for SDK TCF services
09:27:04 INFO  : Launching XSCT server: xsct.bat -interactive C:\__Programowanie__\Vivado\PrzemyslawKurzak\SDUP_2022_temp\lab_2v2\2_lab\cordic_acc.sdk\temp_xsdb_launch_script.tcl
09:27:10 INFO  : XSCT server has started successfully.
09:27:11 INFO  : Successfully done setting XSCT server connection channel  
09:27:16 INFO  : Successfully done setting SDK workspace  
09:27:16 INFO  : Processing command line option -hwspec C:/__Programowanie__/Vivado/PrzemyslawKurzak/SDUP_2022_temp/lab_2v2/2_lab/cordic_acc.sdk/mb_design_wrapper.hdf.
09:27:17 INFO  : Checking for hwspec changes in the project mb_design_wrapper_hw_platform_0.
