Copyright 1986-2019 Xilinx, Inc. All Rights Reserved.
------------------------------------------------------------------------------------
| Tool Version : Vivado v.2019.1 (win64) Build 2552052 Fri May 24 14:49:42 MDT 2019
| Date         : Thu Mar 17 10:21:38 2022
| Host         : LAPTOP-269KMLDC running 64-bit major release  (build 9200)
| Command      : upgrade_ip
| Device       : xc7z020clg484-1
------------------------------------------------------------------------------------

Upgrade Log for IP 'mb_design_cordic_ip_0_0'

1. Summary
----------

SUCCESS in the upgrade of mb_design_cordic_ip_0_0 (xilinx.com:user:cordic_ip:1.0) from (Rev. 5) to (Rev. 6)






Copyright 1986-2019 Xilinx, Inc. All Rights Reserved.
------------------------------------------------------------------------------------
| Tool Version : Vivado v.2019.1 (win64) Build 2552052 Fri May 24 14:49:42 MDT 2019
| Date         : Thu Mar 17 10:13:48 2022
| Host         : LAPTOP-269KMLDC running 64-bit major release  (build 9200)
| Command      : upgrade_ip
| Device       : xc7z020clg484-1
------------------------------------------------------------------------------------

Upgrade Log for IP 'mb_design_cordic_ip_0_0'

1. Summary
----------

SUCCESS in the upgrade of mb_design_cordic_ip_0_0 (xilinx.com:user:cordic_ip:1.0) from (Rev. 4) to (Rev. 5)






Copyright 1986-2019 Xilinx, Inc. All Rights Reserved.
------------------------------------------------------------------------------------
| Tool Version : Vivado v.2019.1 (win64) Build 2552052 Fri May 24 14:49:42 MDT 2019
| Date         : Wed Mar 16 22:26:52 2022
| Host         : LAPTOP-269KMLDC running 64-bit major release  (build 9200)
| Command      : upgrade_ip
| Device       : xc7z020clg484-1
------------------------------------------------------------------------------------

Upgrade Log for IP 'mb_design_cordic_ip_0_0'

1. Summary
----------

SUCCESS in the upgrade of mb_design_cordic_ip_0_0 (xilinx.com:user:cordic_ip:1.0) from (Rev. 1) to (Rev. 4)

