10:30:28 INFO  : Registering command handlers for SDK TCF services
10:30:29 INFO  : Launching XSCT server: xsct.bat -interactive C:\Users\dzial\Documents\Mikroelektronika_AGH\mgr\1_semestr\SDUP\lab3\cordic_acc\cordic_acc.sdk\temp_xsdb_launch_script.tcl
10:30:32 INFO  : XSCT server has started successfully.
10:30:33 INFO  : Successfully done setting XSCT server connection channel  
10:30:33 INFO  : Processing command line option -hwspec C:/Users/dzial/Documents/Mikroelektronika_AGH/mgr/1_semestr/SDUP/lab3/cordic_acc/cordic_acc.sdk/design_acc_wrapper.hdf.
10:30:33 INFO  : Successfully done setting SDK workspace  
10:46:03 INFO  : Connected to target on host '127.0.0.1' and port '3121'.
10:48:33 INFO  : Connected to target on host '127.0.0.1' and port '3121'.
10:51:14 INFO  : Connected to target on host '127.0.0.1' and port '3121'.
10:51:14 INFO  : 'targets -set -filter {jtag_cable_name =~ "Digilent Zed 210248586520" && level==0} -index 1' command is executed.
10:51:17 INFO  : FPGA configured successfully with bitstream "C:/Users/dzial/Documents/Mikroelektronika_AGH/mgr/1_semestr/SDUP/lab3/cordic_acc/cordic_acc.sdk/design_acc_wrapper_hw_platform_0/design_acc_wrapper.bit"
10:52:49 INFO  : 'targets -set -filter {jtag_cable_name =~ "Digilent Zed 210248586520" && level==0} -index 1' command is executed.
10:52:49 INFO  : 'fpga -state' command is executed.
10:52:49 INFO  : Connected to target on host '127.0.0.1' and port '3121'.
10:52:49 INFO  : Jtag cable 'Digilent Zed 210248586520' is selected.
10:52:49 INFO  : 'jtag frequency' command is executed.
10:52:49 INFO  : Sourcing of 'C:/Users/dzial/Documents/Mikroelektronika_AGH/mgr/1_semestr/SDUP/lab3/cordic_acc/cordic_acc.sdk/design_acc_wrapper_hw_platform_0/ps7_init.tcl' is done.
10:52:49 INFO  : Context for 'APU' is selected.
10:52:49 INFO  : Hardware design information is loaded from 'C:/Users/dzial/Documents/Mikroelektronika_AGH/mgr/1_semestr/SDUP/lab3/cordic_acc/cordic_acc.sdk/design_acc_wrapper_hw_platform_0/system.hdf'.
10:52:49 INFO  : 'configparams force-mem-access 1' command is executed.
10:52:49 INFO  : Context for 'APU' is selected.
10:52:49 INFO  : 'stop' command is executed.
10:52:50 INFO  : 'ps7_init' command is executed.
10:52:50 INFO  : 'ps7_post_config' command is executed.
10:52:50 INFO  : Context for processor 'ps7_cortexa9_0' is selected.
10:52:50 INFO  : Processor reset is completed for 'ps7_cortexa9_0'.
10:52:50 INFO  : Context for processor 'ps7_cortexa9_0' is selected.
10:52:50 INFO  : The application 'C:/Users/dzial/Documents/Mikroelektronika_AGH/mgr/1_semestr/SDUP/lab3/cordic_acc/cordic_acc.sdk/cordic_demo_app/Debug/cordic_demo_app.elf' is downloaded to processor 'ps7_cortexa9_0'.
10:52:50 INFO  : 'configparams force-mem-access 0' command is executed.
10:52:50 INFO  : ----------------XSDB Script----------------
connect -url tcp:127.0.0.1:3121
source C:/Users/dzial/Documents/Mikroelektronika_AGH/mgr/1_semestr/SDUP/lab3/cordic_acc/cordic_acc.sdk/design_acc_wrapper_hw_platform_0/ps7_init.tcl
targets -set -nocase -filter {name =~"APU*" && jtag_cable_name =~ "Digilent Zed 210248586520"} -index 0
loadhw -hw C:/Users/dzial/Documents/Mikroelektronika_AGH/mgr/1_semestr/SDUP/lab3/cordic_acc/cordic_acc.sdk/design_acc_wrapper_hw_platform_0/system.hdf -mem-ranges [list {0x40000000 0xbfffffff}]
configparams force-mem-access 1
targets -set -nocase -filter {name =~"APU*" && jtag_cable_name =~ "Digilent Zed 210248586520"} -index 0
stop
ps7_init
ps7_post_config
targets -set -nocase -filter {name =~ "ARM*#0" && jtag_cable_name =~ "Digilent Zed 210248586520"} -index 0
rst -processor
targets -set -nocase -filter {name =~ "ARM*#0" && jtag_cable_name =~ "Digilent Zed 210248586520"} -index 0
dow C:/Users/dzial/Documents/Mikroelektronika_AGH/mgr/1_semestr/SDUP/lab3/cordic_acc/cordic_acc.sdk/cordic_demo_app/Debug/cordic_demo_app.elf
configparams force-mem-access 0
----------------End of Script----------------

10:52:50 INFO  : Memory regions updated for context APU
10:52:50 INFO  : Context for processor 'ps7_cortexa9_0' is selected.
10:52:50 INFO  : 'con' command is executed.
10:52:50 INFO  : ----------------XSDB Script (After Launch)----------------
targets -set -nocase -filter {name =~ "ARM*#0" && jtag_cable_name =~ "Digilent Zed 210248586520"} -index 0
con
----------------End of Script----------------

10:52:50 INFO  : Launch script is exported to file 'C:\Users\dzial\Documents\Mikroelektronika_AGH\mgr\1_semestr\SDUP\lab3\cordic_acc\cordic_acc.sdk\.sdk\launch_scripts\xilinx_c-c++_application_(system_debugger)\system_debugger_using_debug_cordic_demo_app.elf_on_local.tcl'
10:54:41 INFO  : Disconnected from the channel tcfchan#1.
17:24:26 INFO  : Registering command handlers for SDK TCF services
17:24:27 INFO  : Launching XSCT server: xsct.bat -interactive C:\Users\dzial\Documents\Mikroelektronika_AGH\mgr\1_semestr\SDUP\lab3\cordic_acc\cordic_acc.sdk\temp_xsdb_launch_script.tcl
17:24:31 INFO  : XSCT server has started successfully.
17:24:31 INFO  : Successfully done setting XSCT server connection channel  
17:24:32 INFO  : Successfully done setting SDK workspace  
17:24:32 INFO  : Processing command line option -hwspec C:/Users/dzial/Documents/Mikroelektronika_AGH/mgr/1_semestr/SDUP/lab3/cordic_acc/cordic_acc.sdk/design_acc_wrapper.hdf.
17:24:32 INFO  : Checking for hwspec changes in the project design_acc_wrapper_hw_platform_0.
